SF:lib/core/domain/entities/forecast_response.dart
DA:16,6
DA:32,6
DA:42,6
DA:60,6
DA:69,6
DA:86,6
DA:95,2
DA:104,6
DA:116,6
DA:127,6
LF:10
LH:10
end_of_record
SF:lib/core/domain/entities/forecast_response.g.dart
DA:9,3
DA:11,3
DA:12,3
DA:13,3
DA:14,3
DA:15,3
DA:16,9
DA:17,3
DA:18,3
DA:20,6
DA:23,0
DA:25,0
DA:26,0
DA:27,0
DA:28,0
DA:29,0
DA:30,0
DA:33,6
DA:34,3
DA:35,3
DA:36,3
DA:38,6
DA:39,3
DA:40,3
DA:41,3
DA:42,3
DA:43,3
DA:46,0
DA:47,0
DA:48,0
DA:49,0
DA:50,0
DA:51,0
DA:52,0
DA:53,0
DA:54,0
DA:55,0
DA:58,6
DA:59,6
DA:60,6
DA:63,0
DA:64,0
DA:65,0
DA:66,0
DA:69,3
DA:70,3
DA:71,3
DA:72,3
DA:74,6
DA:75,3
DA:76,9
DA:77,3
DA:78,3
DA:80,6
DA:81,3
DA:83,6
DA:84,3
DA:85,6
DA:86,3
DA:88,6
DA:89,3
DA:91,0
DA:92,3
DA:94,2
DA:97,0
DA:98,0
DA:99,0
DA:100,0
DA:101,0
DA:102,0
DA:103,0
DA:104,0
DA:105,0
DA:106,0
DA:107,0
DA:108,0
DA:111,6
DA:112,3
DA:115,0
DA:116,0
DA:117,0
DA:120,6
DA:121,6
DA:122,3
DA:123,3
DA:124,3
DA:125,3
DA:126,3
DA:127,3
DA:128,3
DA:129,3
DA:132,0
DA:133,0
DA:134,0
DA:135,0
DA:136,0
DA:137,0
DA:138,0
DA:139,0
DA:140,0
DA:141,0
DA:142,0
DA:145,2
DA:146,1
DA:149,0
DA:150,0
DA:151,0
DA:154,6
DA:155,3
DA:158,0
DA:159,0
DA:162,3
DA:163,3
DA:164,3
DA:165,3
DA:166,3
DA:167,3
DA:170,0
DA:171,0
DA:172,0
DA:173,0
DA:174,0
DA:175,0
DA:178,6
DA:179,6
DA:180,3
DA:181,6
DA:184,0
DA:185,0
DA:186,0
DA:187,0
DA:188,0
LF:132
LH:68
end_of_record
SF:lib/core/use_cases/forecast/forecast_use_case.dart
DA:10,2
DA:13,2
DA:16,1
DA:20,4
LF:4
LH:4
end_of_record
SF:lib/common/locator/locator.dart
DA:7,6
DA:9,2
DA:11,6
DA:13,4
DA:14,2
DA:15,2
DA:19,4
DA:20,0
DA:21,0
DA:25,8
DA:30,0
LF:11
LH:8
end_of_record
SF:lib/features/home/bloc/home_screen_bloc.dart
DA:17,4
DA:18,4
DA:19,4
DA:20,4
DA:21,4
DA:22,4
DA:23,4
DA:28,1
DA:30,2
DA:31,0
DA:32,0
DA:34,0
DA:38,1
DA:41,2
DA:42,0
DA:44,0
DA:51,1
DA:53,4
DA:55,5
DA:58,1
DA:61,3
DA:62,4
DA:63,4
DA:69,0
DA:71,0
DA:72,0
DA:73,0
DA:76,0
DA:78,0
DA:80,0
DA:81,0
DA:83,0
DA:84,0
DA:87,0
DA:89,0
DA:93,0
DA:94,0
DA:95,0
DA:96,0
DA:99,0
DA:101,0
DA:103,0
DA:104,0
DA:106,0
DA:107,0
DA:110,0
DA:112,0
LF:47
LH:18
end_of_record
SF:lib/infrastructure/api/clients/forecast_api_client_impl.dart
DA:13,2
DA:15,2
DA:17,1
DA:20,2
DA:21,1
DA:22,2
DA:23,2
DA:24,1
DA:27,0
DA:30,0
DA:31,0
DA:32,0
DA:34,0
LF:13
LH:8
end_of_record
SF:lib/features/home/home_screen_provider.dart
DA:13,1
DA:17,1
DA:18,1
DA:24,1
DA:26,2
DA:27,2
DA:29,1
DA:30,1
DA:32,1
DA:35,1
DA:37,1
DA:38,1
DA:39,1
LF:13
LH:13
end_of_record
SF:lib/common/extension/build_context_extension.dart
DA:12,2
DA:14,0
DA:15,0
DA:16,0
LF:4
LH:1
end_of_record
SF:lib/features/home/components/forecast_day_component.dart
DA:7,0
DA:11,0
DA:13,0
DA:15,0
DA:16,0
DA:17,0
DA:18,0
LF:7
LH:0
end_of_record
SF:lib/features/home/components/map_component.dart
DA:11,0
DA:17,0
DA:18,0
DA:22,0
DA:24,0
DA:25,0
DA:26,0
DA:27,0
DA:28,0
DA:33,0
DA:34,0
DA:36,0
DA:40,0
DA:41,0
LF:14
LH:0
end_of_record
SF:lib/features/home/components/permission_status_component.dart
DA:8,1
DA:10,1
DA:12,1
DA:13,1
DA:15,1
DA:16,1
DA:17,4
DA:18,1
DA:20,1
DA:25,1
DA:26,1
DA:27,1
DA:28,1
LF:13
LH:13
end_of_record
SF:lib/features/home/components/row_forecast_component.dart
DA:10,1
DA:12,0
DA:14,0
DA:15,0
DA:20,0
DA:22,0
DA:23,0
DA:24,0
DA:27,0
DA:29,0
DA:30,0
DA:31,0
DA:32,0
DA:33,0
DA:35,0
DA:36,0
DA:37,0
DA:40,0
DA:41,0
DA:42,0
DA:44,0
DA:46,0
DA:47,0
DA:48,0
DA:50,0
DA:51,0
DA:53,0
DA:54,0
DA:56,0
DA:57,0
DA:60,0
DA:61,0
DA:62,0
DA:64,0
DA:66,0
DA:67,0
DA:72,0
DA:73,0
DA:76,0
DA:77,0
DA:78,0
DA:79,0
DA:80,0
DA:81,0
DA:83,0
DA:84,0
DA:85,0
DA:92,0
DA:93,0
DA:94,0
DA:96,0
DA:97,0
DA:98,0
LF:53
LH:1
end_of_record
SF:lib/features/home/home_screen.dart
DA:15,1
DA:17,1
DA:18,1
DA:23,1
DA:25,3
DA:26,3
DA:27,1
DA:30,1
DA:32,1
DA:33,1
DA:34,1
DA:36,1
DA:39,1
DA:40,1
DA:41,1
DA:42,0
DA:43,0
DA:45,0
DA:47,0
DA:48,0
DA:49,0
DA:50,0
DA:51,0
LF:23
LH:15
end_of_record
